openshift-controller-manager
total 100K
drwxr-xr-x   1 root root 4.0K Mar 13 09:48 .
drwxr-xr-x   1 root root 4.0K Mar 13 09:48 ..
-rwxr-xr-x   1 root root    0 Mar 13 09:48 .dockerenv
-rw-r--r--   1 root root  12K Nov 13  2020 anaconda-post.log
lrwxrwxrwx   1 root root    7 Nov 13  2020 bin -> usr/bin
drwxr-xr-x  16 root root 4.2K Mar 13 09:48 dev
drwxr-xr-x   1 root root 4.0K Mar 13 09:48 etc
drwxr-xr-x   2 root root 4.0K Apr 11  2018 home
-rwxr-xr-x   1 root root  857 Jan  1  1970 install.sh
-rw-r--r--   1 root root 2.3K Jan  1  1970 install.yaml
-rw-r--r--   1 root root 5.6K Jan  1  1970 kubeconfig.kubeconfig
lrwxrwxrwx   1 root root    7 Nov 13  2020 lib -> usr/lib
lrwxrwxrwx   1 root root    9 Nov 13  2020 lib64 -> usr/lib64
drwxr-xr-x   2 root root 4.0K Apr 11  2018 media
drwxr-xr-x   2 root root 4.0K Apr 11  2018 mnt
-rw-r--r--   1 root root   28 Jan  1  1970 namespace-file
-rw-r--r--   1 root root  137 Jan  1  1970 namespace.yaml
drwxr-xr-x   2 root root 4.0K Apr 11  2018 opt
-rw-r--r--   1 root root  522 Jan  1  1970 param-file.txt
-rw-r--r--   1 root root   80 Jan  1  1970 privileged-sa-list.txt
dr-xr-xr-x 430 root root    0 Mar 13 09:48 proc
-rw-r--r--   1 root root 2.7K Jan  1  1970 rbac.yaml
dr-xr-x---   1 root root 4.0K Feb 18 05:52 root
drwxr-xr-x   1 root root 4.0K Feb 18 05:53 run
lrwxrwxrwx   1 root root    8 Nov 13  2020 sbin -> usr/sbin
drwxr-xr-x   2 root root 4.0K Apr 11  2018 srv
dr-xr-xr-x  13 root root    0 Mar 13 09:41 sys
drwxrwxrwt   7 root root 4.0K Nov 13  2020 tmp
drwxr-xr-x   1 root root 4.0K Nov 13  2020 usr
drwxr-xr-x   1 root root 4.0K Nov 13  2020 var
scc "privileged" added to: ["system:serviceaccount:openshift-controller-manager:openshift-controller-manager"]
namespace/openshift-controller-manager configured
clusterrole.rbac.authorization.k8s.io/system:openshift:openshift-controller-manager reconciled
clusterrolebinding.rbac.authorization.k8s.io/system:openshift:openshift-controller-manager reconciled
role.rbac.authorization.k8s.io/system:openshift:leader-locking-openshift-controller-manager reconciled
rolebinding.rbac.authorization.k8s.io/system:openshift:leader-locking-openshift-controller-manager reconciled
role.rbac.authorization.k8s.io/system:openshift:sa-creating-openshift-controller-manager reconciled
rolebinding.rbac.authorization.k8s.io/system:openshift:sa-creating-openshift-controller-manager reconciled
daemonset.apps/openshift-controller-manager unchanged
serviceaccount/openshift-controller-manager unchanged
