total 96K
drwxr-xr-x   1 root root 4.0K Mar 13 14:16 .
drwxr-xr-x   1 root root 4.0K Mar 13 14:16 ..
-rwxr-xr-x   1 root root    0 Mar 13 14:16 .dockerenv
-rw-r--r--   1 root root  12K Nov 13  2020 anaconda-post.log
-rwxr-xr-x   1 root root  182 Jan  1  1970 apply.sh
lrwxrwxrwx   1 root root    7 Nov 13  2020 bin -> usr/bin
drwxr-xr-x  16 root root 4.2K Mar 13 14:16 dev
drwxr-xr-x   1 root root 4.0K Mar 13 14:16 etc
drwxr-xr-x   2 root root 4.0K Apr 11  2018 home
-rw-r--r--   1 root root 5.6K Jan  1  1970 kubeconfig.kubeconfig
lrwxrwxrwx   1 root root    7 Nov 13  2020 lib -> usr/lib
lrwxrwxrwx   1 root root    9 Nov 13  2020 lib64 -> usr/lib64
-rw-r--r--   1 root root  13K Jan  1  1970 list.yaml
drwxr-xr-x   2 root root 4.0K Apr 11  2018 media
drwxr-xr-x   2 root root 4.0K Apr 11  2018 mnt
-rw-r--r--   1 root root    9 Jan  1  1970 namespace-file
drwxr-xr-x   2 root root 4.0K Apr 11  2018 opt
dr-xr-xr-x 437 root root    0 Mar 13 14:16 proc
dr-xr-x---   1 root root 4.0K Feb 18 05:52 root
drwxr-xr-x   1 root root 4.0K Feb 18 05:53 run
lrwxrwxrwx   1 root root    8 Nov 13  2020 sbin -> usr/sbin
drwxr-xr-x   2 root root 4.0K Apr 11  2018 srv
dr-xr-xr-x  13 root root    0 Mar 13 14:14 sys
drwxrwxrwt   7 root root 4.0K Nov 13  2020 tmp
drwxr-xr-x   1 root root 4.0K Nov 13  2020 usr
drwxr-xr-x   1 root root 4.0K Nov 13  2020 var
template.template.openshift.io/jenkins-ephemeral unchanged
